<?xml version="1.0" encoding="UTF-8"?>
<testsuite name="me.jeongdahee.springbootdeveloper.config.jwt.TokenProviderTest" tests="5" skipped="0" failures="0" errors="0" timestamp="2023-09-27T15:28:21" hostname="DESKTOP-AM87FVN" time="0.152">
  <properties/>
  <testcase name="validToken() : 유효한 토큰인 때, 유효성검증에 성공한다." classname="me.jeongdahee.springbootdeveloper.config.jwt.TokenProviderTest" time="0.113"/>
  <testcase name="validToken() : 만료된 토큰인 때, 유효성검증에 실패한다." classname="me.jeongdahee.springbootdeveloper.config.jwt.TokenProviderTest" time="0.006"/>
  <testcase name="getAuthentication() : 토큰을 기반으로 인증정보를 가져올 수 있다." classname="me.jeongdahee.springbootdeveloper.config.jwt.TokenProviderTest" time="0.011"/>
  <testcase name="getUserId() : 토큰으로 유저ID를 가져올 수 있다." classname="me.jeongdahee.springbootdeveloper.config.jwt.TokenProviderTest" time="0.007"/>
  <testcase name="generateToken() : 유저정보와 만료기간을 전달해 토큰을 만들 수 있다." classname="me.jeongdahee.springbootdeveloper.config.jwt.TokenProviderTest" time="0.011"/>
  <system-out><![CDATA[2023-09-28T00:28:21.108+09:00  INFO 11128 --- [    Test worker] t.c.s.AnnotationConfigContextLoaderUtils : Could not detect default configuration classes for test class [me.jeongdahee.springbootdeveloper.config.jwt.TokenProviderTest]: TokenProviderTest does not declare any static, non-private, non-final, nested classes annotated with @Configuration.
2023-09-28T00:28:21.121+09:00  INFO 11128 --- [    Test worker] .b.t.c.SpringBootTestContextBootstrapper : Found @SpringBootConfiguration me.jeongdahee.springbootdeveloper.SpringBootDeveloperApplication for test class me.jeongdahee.springbootdeveloper.config.jwt.TokenProviderTest

  .   ____          _            __ _ _
 /\\ / ___'_ __ _ _(_)_ __  __ _ \ \ \ \
( ( )\___ | '_ | '_| | '_ \/ _` | \ \ \ \
 \\/  ___)| |_)| | | | | || (_| |  ) ) ) )
  '  |____| .__|_| |_|_| |_\__, | / / / /
 =========|_|==============|___/=/_/_/_/
 :: Spring Boot ::                (v3.0.2)

2023-09-28T00:28:21.149+09:00  INFO 11128 --- [    Test worker] m.j.s.config.jwt.TokenProviderTest       : Starting TokenProviderTest using Java 17.0.8 with PID 11128 (started by USER in C:\study\springboot-developer)
2023-09-28T00:28:21.150+09:00  INFO 11128 --- [    Test worker] m.j.s.config.jwt.TokenProviderTest       : No active profile set, falling back to 1 default profile: "default"
2023-09-28T00:28:21.356+09:00  INFO 11128 --- [    Test worker] .s.d.r.c.RepositoryConfigurationDelegate : Bootstrapping Spring Data JPA repositories in DEFAULT mode.
2023-09-28T00:28:21.372+09:00  INFO 11128 --- [    Test worker] .s.d.r.c.RepositoryConfigurationDelegate : Finished Spring Data repository scanning in 16 ms. Found 3 JPA repository interfaces.
2023-09-28T00:28:21.459+09:00  INFO 11128 --- [    Test worker] com.zaxxer.hikari.HikariDataSource       : HikariPool-2 - Starting...
2023-09-28T00:28:21.460+09:00  INFO 11128 --- [    Test worker] com.zaxxer.hikari.pool.HikariPool        : HikariPool-2 - Added connection conn10: url=jdbc:h2:mem:testdb user=SA
2023-09-28T00:28:21.461+09:00  INFO 11128 --- [    Test worker] com.zaxxer.hikari.HikariDataSource       : HikariPool-2 - Start completed.
2023-09-28T00:28:21.462+09:00  INFO 11128 --- [    Test worker] o.hibernate.jpa.internal.util.LogHelper  : HHH000204: Processing PersistenceUnitInfo [name: default]
2023-09-28T00:28:21.468+09:00  WARN 11128 --- [    Test worker] org.hibernate.orm.deprecation            : HHH90000021: Encountered deprecated setting [javax.persistence.sharedCache.mode], use [jakarta.persistence.sharedCache.mode] instead
2023-09-28T00:28:21.474+09:00  INFO 11128 --- [    Test worker] SQL dialect                              : HHH000400: Using dialect: org.hibernate.dialect.H2Dialect
Hibernate: 
    
    drop table if exists article cascade 
Hibernate: 
    
    drop table if exists refresh_token cascade 
Hibernate: 
    
    drop table if exists users cascade 
Hibernate: 
    
    create table article (
       id bigint generated by default as identity,
        author varchar(255) not null,
        content varchar(255) not null,
        created_at timestamp(6),
        title varchar(255) not null,
        updated_at timestamp(6),
        primary key (id)
    )
Hibernate: 
    
    create table refresh_token (
       id bigint generated by default as identity,
        refresh_token varchar(255) not null,
        user_id bigint not null,
        primary key (id)
    )
Hibernate: 
    
    create table users (
       id bigint generated by default as identity,
        email varchar(255) not null,
        nickname varchar(255),
        password varchar(255),
        primary key (id)
    )
Hibernate: 
    
    alter table if exists refresh_token 
       add constraint UK_f95ixxe7pa48ryn1awmh2evt7 unique (user_id)
Hibernate: 
    
    alter table if exists users 
       add constraint UK_6dotkott2kjsp8vw4d0m25fb7 unique (email)
Hibernate: 
    
    alter table if exists users 
       add constraint UK_2ty1xmrrgtn89xt7kyxx6ta7h unique (nickname)
2023-09-28T00:28:21.542+09:00  INFO 11128 --- [    Test worker] o.h.e.t.j.p.i.JtaPlatformInitiator       : HHH000490: Using JtaPlatform implementation: [org.hibernate.engine.transaction.jta.platform.internal.NoJtaPlatform]
2023-09-28T00:28:21.542+09:00  INFO 11128 --- [    Test worker] j.LocalContainerEntityManagerFactoryBean : Initialized JPA EntityManagerFactory for persistence unit 'default'
2023-09-28T00:28:21.646+09:00  WARN 11128 --- [    Test worker] JpaBaseConfiguration$JpaWebConfiguration : spring.jpa.open-in-view is enabled by default. Therefore, database queries may be performed during view rendering. Explicitly configure spring.jpa.open-in-view to disable this warning
2023-09-28T00:28:21.729+09:00  INFO 11128 --- [    Test worker] o.s.s.web.DefaultSecurityFilterChain     : Will secure any request with [org.springframework.security.web.session.DisableEncodeUrlFilter@1d691d4f, org.springframework.security.web.context.request.async.WebAsyncManagerIntegrationFilter@1082883b, org.springframework.security.web.context.SecurityContextHolderFilter@75a0e0c2, org.springframework.security.web.header.HeaderWriterFilter@788be73c, org.springframework.security.web.authentication.logout.LogoutFilter@17eb35fa, org.springframework.security.oauth2.client.web.OAuth2AuthorizationRequestRedirectFilter@519b726a, org.springframework.security.oauth2.client.web.OAuth2LoginAuthenticationFilter@34272839, me.jeongdahee.springbootdeveloper.config.TokenAuthenticationFilter@734d870f, org.springframework.security.web.savedrequest.RequestCacheAwareFilter@4190b111, org.springframework.security.web.servletapi.SecurityContextHolderAwareRequestFilter@66851c18, org.springframework.security.web.authentication.AnonymousAuthenticationFilter@7b2cd7ff, org.springframework.security.web.session.SessionManagementFilter@65018381, org.springframework.security.web.access.ExceptionTranslationFilter@7d593bbc, org.springframework.security.web.access.intercept.FilterSecurityInterceptor@27e80cfa]
2023-09-28T00:28:21.827+09:00  INFO 11128 --- [    Test worker] o.s.b.a.h2.H2ConsoleAutoConfiguration    : H2 console available at '/h2-console'. Database available at 'jdbc:h2:mem:testdb'
2023-09-28T00:28:21.846+09:00  WARN 11128 --- [    Test worker] o.s.s.c.a.web.builders.WebSecurity       : You are asking Spring Security to ignore org.springframework.boot.autoconfigure.security.servlet.PathRequest$H2ConsoleRequestMatcher@75b57ecd. This is not recommended -- please use permitAll via HttpSecurity#authorizeHttpRequests instead.
2023-09-28T00:28:21.846+09:00  INFO 11128 --- [    Test worker] o.s.s.web.DefaultSecurityFilterChain     : Will not secure org.springframework.boot.autoconfigure.security.servlet.PathRequest$H2ConsoleRequestMatcher@75b57ecd
2023-09-28T00:28:21.846+09:00  WARN 11128 --- [    Test worker] o.s.s.c.a.web.builders.WebSecurity       : You are asking Spring Security to ignore Mvc [pattern='/img/**']. This is not recommended -- please use permitAll via HttpSecurity#authorizeHttpRequests instead.
2023-09-28T00:28:21.846+09:00  INFO 11128 --- [    Test worker] o.s.s.web.DefaultSecurityFilterChain     : Will not secure Mvc [pattern='/img/**']
2023-09-28T00:28:21.846+09:00  WARN 11128 --- [    Test worker] o.s.s.c.a.web.builders.WebSecurity       : You are asking Spring Security to ignore Mvc [pattern='/css/**']. This is not recommended -- please use permitAll via HttpSecurity#authorizeHttpRequests instead.
2023-09-28T00:28:21.846+09:00  INFO 11128 --- [    Test worker] o.s.s.web.DefaultSecurityFilterChain     : Will not secure Mvc [pattern='/css/**']
2023-09-28T00:28:21.846+09:00  WARN 11128 --- [    Test worker] o.s.s.c.a.web.builders.WebSecurity       : You are asking Spring Security to ignore Mvc [pattern='/js/**']. This is not recommended -- please use permitAll via HttpSecurity#authorizeHttpRequests instead.
2023-09-28T00:28:21.846+09:00  INFO 11128 --- [    Test worker] o.s.s.web.DefaultSecurityFilterChain     : Will not secure Mvc [pattern='/js/**']
2023-09-28T00:28:21.864+09:00  INFO 11128 --- [    Test worker] m.j.s.config.jwt.TokenProviderTest       : Started TokenProviderTest in 0.738 seconds (process running for 7.585)
Hibernate: 
    insert 
    into
        users
        (id, email, nickname, password) 
    values
        (default, ?, ?, ?)
]]></system-out>
  <system-err><![CDATA[]]></system-err>
</testsuite>
